{"level":"debug","method":"GET","path":"/","query":"","time":1704661560,"message":"request"}
{"level":"debug","method":"GET","path":"/","query":"","time":1704661560,"message":"requestcomplete"}
{"level":"debug","method":"GET","path":"/favicon.ico","query":"","time":1704661561,"message":"request"}
{"level":"error","error":"404 page not found","method":"GET","path":"/favicon.ico","query":"","time":1704661561,"message":"requesterror"}
{"level":"debug","method":"GET","path":"/","query":"","time":1704661561,"message":"request"}
{"level":"debug","method":"GET","path":"/","query":"","time":1704661561,"message":"requestcomplete"}
{"level":"debug","method":"GET","path":"/favicon.ico","query":"","time":1704661562,"message":"request"}
{"level":"error","error":"404 page not found","method":"GET","path":"/favicon.ico","query":"","time":1704661562,"message":"requesterror"}
{"level":"debug","method":"GET","path":"/","query":"","time":1704661563,"message":"request"}
{"level":"debug","method":"GET","path":"/","query":"","time":1704661563,"message":"requestcomplete"}
{"level":"debug","method":"GET","path":"/api/lives","query":"Areas%5B3%5D=true&Artist=","time":1704661570,"message":"request"}
{"level":"error","error":"open web/teplate/lives.html: no such file or directory","method":"GET","path":"/api/lives","query":"Areas%5B3%5D=true&Artist=","time":1704661570,"message":"requesterror"}
{"level":"debug","method":"GET","path":"/api/lives","query":"Artist=","time":1704661571,"message":"request"}
{"level":"error","error":"open web/teplate/lives.html: no such file or directory","method":"GET","path":"/api/lives","query":"Artist=","time":1704661571,"message":"requesterror"}
{"level":"debug","method":"GET","path":"/","query":"","time":1704661584,"message":"request"}
{"level":"debug","method":"GET","path":"/","query":"","time":1704661584,"message":"requestcomplete"}
{"level":"debug","method":"GET","path":"/api/lives","query":"Areas%5B3%5D=true&Artist=","time":1704661586,"message":"request"}
{"level":"debug","method":"GET","path":"/api/lives","query":"Areas%5B3%5D=true&Artist=","time":1704661586,"message":"requestcomplete"}
{"level":"debug","method":"GET","path":"/","query":"","time":1704661589,"message":"request"}
{"level":"debug","method":"GET","path":"/","query":"","time":1704661589,"message":"requestcomplete"}
{"level":"debug","method":"GET","path":"/favicon.ico","query":"","time":1704661589,"message":"request"}
{"level":"error","error":"404 page not found","method":"GET","path":"/favicon.ico","query":"","time":1704661589,"message":"requesterror"}
{"level":"debug","method":"GET","path":"/api/lives","query":"Areas%5B1%5D=true&Artist=","time":1704661590,"message":"request"}
{"level":"debug","method":"GET","path":"/api/lives","query":"Areas%5B1%5D=true&Artist=","time":1704661590,"message":"requestcomplete"}
{"level":"debug","method":"GET","path":"/api/lives","query":"Areas%5B1%5D=true&Areas%5B3%5D=true&Artist=","time":1704661593,"message":"request"}
{"level":"debug","method":"GET","path":"/api/lives","query":"Areas%5B1%5D=true&Areas%5B3%5D=true&Artist=","time":1704661593,"message":"requestcomplete"}
{"level":"debug","method":"GET","path":"/api/lives","query":"Areas%5B1%5D=true&Artist=","time":1704661593,"message":"request"}
{"level":"debug","method":"GET","path":"/api/lives","query":"Areas%5B1%5D=true&Artist=","time":1704661594,"message":"requestcomplete"}
{"level":"debug","method":"GET","path":"/api/lives","query":"Artist=","time":1704661594,"message":"request"}
{"level":"debug","method":"GET","path":"/api/lives","query":"Artist=","time":1704661594,"message":"requestcomplete"}
{"level":"debug","method":"GET","path":"/","query":"","time":1704661595,"message":"request"}
{"level":"debug","method":"GET","path":"/","query":"","time":1704661595,"message":"requestcomplete"}
{"level":"debug","method":"GET","path":"/api/lives","query":"Areas%5B1%5D=true&Artist=","time":1704661596,"message":"request"}
{"level":"debug","method":"GET","path":"/api/lives","query":"Areas%5B1%5D=true&Artist=","time":1704661597,"message":"requestcomplete"}
{"level":"debug","method":"GET","path":"/api/lives","query":"Artist=","time":1704661597,"message":"request"}
{"level":"debug","method":"GET","path":"/api/lives","query":"Artist=","time":1704661597,"message":"requestcomplete"}
{"level":"debug","method":"GET","path":"/","query":"","time":1704661598,"message":"request"}
{"level":"debug","method":"GET","path":"/","query":"","time":1704661598,"message":"requestcomplete"}
{"level":"debug","method":"GET","path":"/favicon.ico","query":"","time":1704661598,"message":"request"}
{"level":"error","error":"404 page not found","method":"GET","path":"/favicon.ico","query":"","time":1704661598,"message":"requesterror"}
{"level":"debug","method":"GET","path":"/api/lives","query":"Areas%5B3%5D=true&Artist=","time":1704661599,"message":"request"}
{"level":"debug","method":"GET","path":"/api/lives","query":"Areas%5B3%5D=true&Artist=","time":1704661599,"message":"requestcomplete"}
{"level":"debug","method":"GET","path":"/api/lives","query":"Artist=","time":1704661606,"message":"request"}
{"level":"debug","method":"GET","path":"/api/lives","query":"Artist=","time":1704661606,"message":"requestcomplete"}
{"level":"debug","method":"GET","path":"/api/lives","query":"Areas%5B44%5D=true&Artist=","time":1704661606,"message":"request"}
{"level":"debug","method":"GET","path":"/api/lives","query":"Areas%5B44%5D=true&Artist=","time":1704661606,"message":"requestcomplete"}
{"level":"debug","method":"GET","path":"/api/lives","query":"Artist=","time":1704661607,"message":"request"}
{"level":"debug","method":"GET","path":"/api/lives","query":"Artist=","time":1704661607,"message":"requestcomplete"}
{"level":"debug","method":"GET","path":"/api/lives","query":"Areas%5B1%5D=true&Artist=","time":1704661608,"message":"request"}
{"level":"debug","method":"GET","path":"/api/lives","query":"Areas%5B1%5D=true&Artist=","time":1704661608,"message":"requestcomplete"}
{"level":"debug","method":"GET","path":"/api/lives","query":"Artist=","time":1704661621,"message":"request"}
{"level":"debug","method":"GET","path":"/api/lives","query":"Artist=","time":1704661621,"message":"requestcomplete"}
{"level":"debug","method":"GET","path":"/api/lives","query":"Areas%5B4%5D=true&Artist=","time":1704661621,"message":"request"}
{"level":"debug","method":"GET","path":"/api/lives","query":"Areas%5B4%5D=true&Artist=","time":1704661621,"message":"requestcomplete"}
{"level":"debug","method":"GET","path":"/api/lives","query":"Artist=","time":1704661622,"message":"request"}
{"level":"debug","method":"GET","path":"/api/lives","query":"Artist=","time":1704661622,"message":"requestcomplete"}
{"level":"debug","method":"GET","path":"/api/lives","query":"Areas%5B1%5D=true&Artist=","time":1704661623,"message":"request"}
{"level":"debug","method":"GET","path":"/api/lives","query":"Areas%5B1%5D=true&Artist=","time":1704661623,"message":"requestcomplete"}
{"level":"debug","method":"GET","path":"/api/lives","query":"Artist=","time":1704661624,"message":"request"}
{"level":"debug","method":"GET","path":"/api/lives","query":"Artist=","time":1704661624,"message":"requestcomplete"}
{"level":"debug","method":"GET","path":"/api/lives","query":"Areas%5B1%5D=true&Artist=","time":1704661626,"message":"request"}
{"level":"debug","method":"GET","path":"/api/lives","query":"Areas%5B1%5D=true&Artist=","time":1704661626,"message":"requestcomplete"}
